+ 2025-09-30 11:20:19-04:00 ------- Network Remote Control and Monitoring (NRCM) -------
+ 2025-09-30 11:20:19-04:00 [START] NRCM script started on 2025-09-30 11:20:19-04:00
+ 2025-09-30 11:20:19-04:00 [SETUP] Starting setup phase...
+ 2025-09-30 11:20:19-04:00 [..] Logging SETUP phase to: /var/log/nrcm/2025-09-30_11-20-19-0400/nrcm_setup_2025-09-30_11-20-19-0400.log
+ 2025-09-30 11:22:41-04:00 [DONE] Setup complete! Log: /var/log/nrcm/2025-09-30_11-20-19-0400/nrcm_setup_2025-09-30_11-20-19-0400.log
+ 2025-09-30 11:22:41-04:00 [EXEC] Starting execution phase...
+ 2025-09-30 11:22:41-04:00 [..] Logging EXEC phase to: /var/log/nrcm/2025-09-30_11-20-19-0400/nrcm_exec_2025-09-30_11-20-19-0400.log
+ 2025-09-30 11:22:42-04:00 [INFO] Your current (direct) public IP: 175.156.73.31
+ 2025-09-30 11:22:42-04:00 [INFO] Your current (direct) location: SG, Singapore
+ 2025-09-30 11:22:42-04:00 [..] Starting nipe (Tor routing) ...
+ 2025-09-30 11:22:44-04:00 [WARN] nipe start attempt 1/5 failed; Tor may still be bootstrapping.
+ 2025-09-30 11:22:44-04:00 [..] Retrying in 5 seconds...
+ 2025-09-30 11:23:00-04:00 [OK] nipe status: true (Tor is running!)
+ 2025-09-30 11:23:01-04:00 [INFO] Your (Tor) exit IP: 185.220.101.169
+ 2025-09-30 11:23:01-04:00 [INFO] Your (Tor) exit location: DE, Germany
+ 2025-09-30 11:23:01-04:00 [OK] Anonymity check passed! You may proceed...
+ 2025-09-30 11:24:54-04:00 [OK] whois target set to: centreforcybersecurity.com
+ 2025-09-30 11:24:54-04:00 [..] Running nmap scan on remote server 192.168.114.130 (this may take a while)...
+ 2025-09-30 11:25:17-04:00 [OK] nmap scan on remote server (192.168.114.130) completed. Output saved to: /var/lib/nrcm/results/nmap_192.168.114.130_2025-09-30_11-20-19-0400.txt
+ 2025-09-30 11:25:17-04:00 [INFO] Discovered SSH port: 2222
+ 2025-09-30 11:25:17-04:00 [INFO] Discovered FTP port: 2121
+ 2025-09-30 11:25:17-04:00 [..] Connecting to remote server via SSH on port 2222 ...
+ 2025-09-30 11:25:24-04:00 [OK] SSH connection OK on port 2222
+ 2025-09-30 11:25:25-04:00 [INFO] Remote server public IP: 175.156.73.31
+ 2025-09-30 11:25:25-04:00 [INFO] Remote server location: SG, Singapore
+ 2025-09-30 11:25:25-04:00 [INFO] Remote server uptime:  23:25:24 up 10:57,  2 users,  load average: 0.16, 0.04, 0.01
+ 2025-09-30 11:25:25-04:00 [OK] whois output saved on remote server: /home/tc/whois_centreforcybersecurity.com_2025-09-30_11-20-19-0400.txt
+ 2025-09-30 11:25:25-04:00 [..] Downloading whois file via FTP (unsecure) from remote server port 2121
+ 2025-09-30 11:25:25-04:00 [OK] whois file for centreforcybersecurity.com downloaded to: /var/lib/nrcm/results/whois_centreforcybersecurity.com_2025-09-30_11-20-19-0400.txt
+ 2025-09-30 11:25:25-04:00 [DONE] Execution phase complete! Log: /var/log/nrcm/2025-09-30_11-20-19-0400/nrcm_exec_2025-09-30_11-20-19-0400.log
+ 2025-09-30 11:25:25-04:00 [END] NRCM script ended on 2025-09-30 11:25:25-04:00
+ 2025-09-30 11:25:25-04:00 [INFO] Logs for this run at: /var/log/nrcm/2025-09-30_11-20-19-0400/
+ 2025-09-30 11:25:25-04:00 [INFO] Result files at: /var/lib/nrcm/results/
+ 2025-09-30 11:25:25-04:00 [INFO] Cumulative results log at: /var/log/nrcm/nrcm_results.log
