+ 2025-09-30 11:36:55-04:00 ------- Network Remote Control and Monitoring (NRCM) -------
+ 2025-09-30 11:36:55-04:00 [START] NRCM script started on 2025-09-30 11:36:55-04:00
+ 2025-09-30 11:36:55-04:00 [SETUP] Starting setup phase...
+ 2025-09-30 11:36:55-04:00 [..] Logging SETUP phase to: /var/log/nrcm/2025-09-30_11-36-55-0400/nrcm_setup_2025-09-30_11-36-55-0400.log
+ 2025-09-30 11:36:56-04:00 [DONE] Setup complete! Log: /var/log/nrcm/2025-09-30_11-36-55-0400/nrcm_setup_2025-09-30_11-36-55-0400.log
+ 2025-09-30 11:36:56-04:00 [EXEC] Starting execution phase...
+ 2025-09-30 11:36:56-04:00 [..] Logging EXEC phase to: /var/log/nrcm/2025-09-30_11-36-55-0400/nrcm_exec_2025-09-30_11-36-55-0400.log
+ 2025-09-30 11:36:57-04:00 [INFO] Your current (direct) public IP: 175.156.73.31
+ 2025-09-30 11:36:57-04:00 [INFO] Your current (direct) location: SG, Singapore
+ 2025-09-30 11:36:57-04:00 [..] Starting nipe (Tor routing) ...
+ 2025-09-30 11:37:02-04:00 [OK] nipe status: true (Tor is running!)
+ 2025-09-30 11:37:04-04:00 [INFO] Your (Tor) exit IP: 45.66.35.22
+ 2025-09-30 11:37:04-04:00 [INFO] Your (Tor) exit location: NL, Netherlands
+ 2025-09-30 11:37:04-04:00 [OK] Anonymity check passed! You may proceed...
+ 2025-09-30 11:37:04-04:00 [OK] whois target set to: 8.8.8
+ 2025-09-30 11:37:04-04:00 [..] Running nmap scan on remote server 192.168.114.130 (this may take a while)...
+ 2025-09-30 11:37:22-04:00 [OK] nmap scan on remote server (192.168.114.130) completed. Output saved to: /var/lib/nrcm/results/nmap_192.168.114.130_2025-09-30_11-36-55-0400.txt
+ 2025-09-30 11:37:22-04:00 [INFO] Discovered SSH port: 2222
+ 2025-09-30 11:37:22-04:00 [INFO] Discovered FTP port: 2121
+ 2025-09-30 11:37:22-04:00 [..] Connecting to remote server via SSH on port 2222 ...
+ 2025-09-30 11:37:23-04:00 [OK] SSH connection OK on port 2222
+ 2025-09-30 11:37:23-04:00 [INFO] Remote server public IP: 175.156.73.31
+ 2025-09-30 11:37:23-04:00 [INFO] Remote server location: SG, Singapore
+ 2025-09-30 11:37:23-04:00 [INFO] Remote server uptime:  23:37:24 up 11:09,  2 users,  load average: 0.00, 0.00, 0.00
+ 2025-09-30 11:37:23-04:00 [WANRN] whois lookup on 8.8.8 gave an invalid result. Will still try to download output saved on remote server: /home/tc/whois_8.8.8_2025-09-30_11-36-55-0400.txt
+ 2025-09-30 11:37:23-04:00 [..] Downloading whois file via FTP (unsecure) from remote server port 2121
+ 2025-09-30 11:37:23-04:00 [OK] whois file for 8.8.8 downloaded to: /var/lib/nrcm/results/whois_8.8.8_2025-09-30_11-36-55-0400.txt
+ 2025-09-30 11:37:23-04:00 [DONE] Execution phase complete! Log: /var/log/nrcm/2025-09-30_11-36-55-0400/nrcm_exec_2025-09-30_11-36-55-0400.log
+ 2025-09-30 11:37:23-04:00 [END] NRCM script ended on 2025-09-30 11:37:23-04:00
+ 2025-09-30 11:37:23-04:00 [INFO] Logs for this run at: /var/log/nrcm/2025-09-30_11-36-55-0400/
+ 2025-09-30 11:37:23-04:00 [INFO] Result files at: /var/lib/nrcm/results/
+ 2025-09-30 11:37:23-04:00 [INFO] Cumulative results log at: /var/log/nrcm/nrcm_results.log
